TN:
SF:C:\Users\brian.wang\Desktop\brian-webpack-sample\app\src\actions\index.js
FN:26,(anonymous_0)
FN:27,(anonymous_1)
FN:28,(anonymous_2)
FN:29,(anonymous_3)
FN:30,(anonymous_4)
FN:31,(anonymous_5)
FN:32,(anonymous_6)
FN:33,(anonymous_7)
FN:34,(anonymous_8)
FN:43,(anonymous_9)
FN:44,(anonymous_10)
FN:45,(anonymous_11)
FN:46,(anonymous_12)
FN:54,(anonymous_13)
FN:55,(anonymous_14)
FN:62,(anonymous_15)
FNF:16
FNH:16
FNDA:1,(anonymous_0)
FNDA:4,(anonymous_1)
FNDA:3,(anonymous_2)
FNDA:1,(anonymous_3)
FNDA:3,(anonymous_4)
FNDA:1,(anonymous_5)
FNDA:1,(anonymous_6)
FNDA:1,(anonymous_7)
FNDA:1,(anonymous_8)
FNDA:1,(anonymous_9)
FNDA:1,(anonymous_10)
FNDA:1,(anonymous_11)
FNDA:1,(anonymous_12)
FNDA:1,(anonymous_13)
FNDA:1,(anonymous_14)
FNDA:1,(anonymous_15)
DA:3,5
DA:4,5
DA:5,5
DA:6,5
DA:7,5
DA:8,5
DA:9,5
DA:10,5
DA:11,5
DA:12,5
DA:13,5
DA:25,5
DA:27,4
DA:28,3
DA:42,5
DA:50,5
DA:51,5
DA:53,5
DA:59,5
DA:61,5
LF:20
LH:20
BRF:0
BRH:0
end_of_record
TN:
SF:C:\Users\brian.wang\Desktop\brian-webpack-sample\app\src\sagas\auth.js
FN:5,loadAsync
FN:10,watchLoadAsync
FNF:2
FNH:2
FNDA:2,loadAsync
FNDA:1,watchLoadAsync
DA:6,2
DA:7,2
DA:11,1
DA:12,1
LF:4
LH:4
BRF:0
BRH:0
end_of_record
TN:
SF:C:\Users\brian.wang\Desktop\brian-webpack-sample\app\src\helpers\fetchHelper.js
FN:3,fetchRequest
FNF:1
FNH:0
FNDA:0,fetchRequest
DA:4,0
DA:12,0
DA:14,0
DA:15,0
DA:16,0
DA:17,0
DA:19,0
LF:7
LH:0
BRDA:15,0,0,0
BRDA:15,0,1,0
BRDA:15,1,0,0
BRDA:15,1,1,0
BRF:4
BRH:0
end_of_record
TN:
SF:C:\Users\brian.wang\Desktop\brian-webpack-sample\app\src\sagas\data.js
FN:5,loadAsync
FN:10,dataLoadAsync
FNF:2
FNH:2
FNDA:1,loadAsync
FNDA:1,dataLoadAsync
DA:6,1
DA:7,1
DA:11,1
DA:12,1
LF:4
LH:4
BRF:0
BRH:0
end_of_record
TN:
SF:C:\Users\brian.wang\Desktop\brian-webpack-sample\app\src\sagas\tab.js
FN:5,loadAsync
FN:10,tabLoadAsync
FNF:2
FNH:2
FNDA:1,loadAsync
FNDA:1,tabLoadAsync
DA:6,1
DA:7,1
DA:11,1
DA:12,1
LF:4
LH:4
BRF:0
BRH:0
end_of_record
TN:
SF:C:\Users\brian.wang\Desktop\brian-webpack-sample\app\src\sagas\index.js
FN:6,rootSaga
FNF:1
FNH:0
FNDA:0,rootSaga
DA:7,0
LF:1
LH:0
BRF:0
BRH:0
end_of_record
